{
  "RSpec": {
    "coverage": {
      "/Users/appleyardr/Documents/search-for-member/app/helpers/application_helper.rb": [
        1,
        null
      ],
      "/Users/appleyardr/Documents/search-for-member/app/helpers/members_helper.rb": [
        1,
        null
      ],
      "/Users/appleyardr/Documents/search-for-member/app/controllers/members_controller.rb": [
        1,
        null,
        1,
        1,
        5,
        5,
        5,
        5,
        5,
        20,
        20,
        20,
        null,
        5,
        null,
        null,
        null,
        1,
        2,
        2,
        2,
        2,
        2,
        2,
        null,
        null
      ],
      "/Users/appleyardr/Documents/search-for-member/lib/api_calls/members_list_api_call.rb": [
        1,
        1,
        null,
        1,
        1,
        2,
        2,
        2,
        2,
        null,
        null,
        1,
        null,
        1,
        2,
        2,
        null,
        null,
        1,
        2,
        null,
        null,
        1,
        2,
        2,
        null,
        null,
        1,
        2,
        null,
        null
      ],
      "/Users/appleyardr/Documents/search-for-member/app/controllers/application_controller.rb": [
        1,
        null,
        null,
        1,
        null
      ],
      "/Users/appleyardr/Documents/search-for-member/app/models/member.rb": [
        1,
        null,
        1,
        null,
        1,
        26,
        26,
        26,
        26,
        26,
        26,
        null,
        null,
        1,
        null,
        1,
        26,
        null,
        null,
        null
      ]
    },
    "timestamp": 1463055002
  }
}
