{
  "RSpec": {
    "coverage": {
      "/Users/appleyardr/Documents/search-for-member/app/helpers/application_helper.rb": [
        1,
        null
      ],
      "/Users/appleyardr/Documents/search-for-member/app/helpers/members_helper.rb": [
        1,
        null
      ],
      "/Users/appleyardr/Documents/search-for-member/app/controllers/members_controller.rb": [
        1,
        null,
        1,
        1,
        18,
        14,
        14,
        64,
        14,
        null,
        4,
        2,
        null,
        null,
        null,
        1,
        8,
        8,
        8,
        8,
        8,
        8,
        null,
        null,
        1,
        4,
        4,
        20,
        4,
        4,
        null,
        null,
        1,
        null,
        1,
        18,
        18,
        null,
        null,
        1,
        8,
        null,
        null,
        1,
        18,
        18,
        20,
        null,
        null,
        null
      ],
      "/Users/appleyardr/Documents/search-for-member/lib/api_calls/members_list_api_call.rb": [
        1,
        1,
        null,
        1,
        1,
        8,
        8,
        8,
        8,
        null,
        null,
        1,
        null,
        1,
        8,
        8,
        null,
        null,
        1,
        8,
        null,
        null,
        1,
        8,
        8,
        null,
        null,
        1,
        8,
        null,
        null
      ],
      "/Users/appleyardr/Documents/search-for-member/app/controllers/application_controller.rb": [
        1,
        null,
        null,
        1,
        null
      ],
      "/Users/appleyardr/Documents/search-for-member/app/models/member.rb": [
        1,
        null,
        1,
        null,
        1,
        60,
        60,
        60,
        60,
        60,
        60,
        null,
        null,
        1,
        null,
        1,
        60,
        null,
        null,
        null
      ]
    },
    "timestamp": 1463483516
  }
}
